pics/cramps-tile.tif:
Magic: 0x4d4d <big-endian> Version: 0x2a
Directory 0: offset 786440 (0xc0008) next 0 (0)
ImageWidth (256) SHORT (3) 1<800>
ImageLength (257) SHORT (3) 1<607>
BitsPerSample (258) SHORT (3) 1<8>
Compression (259) SHORT (3) 1<1>
Photometric (262) SHORT (3) 1<0>
StripOffsets (273) LONG (4) 12<8 65544 131080 196616 262152 327688 393224 458760 524296 589832 655368 720904>
Orientation (274) SHORT (3) 1<1>
SamplesPerPixel (277) SHORT (3) 1<1>
RowsPerStrip (278) LONG (4) 1<256>
StripByteCounts (279) LONG (4) 12<65536 65536 65536 65536 65536 65536 65536 65536 65536 65536 65536 65536>
MinSampleValue (280) SHORT (3) 1<0>
MaxSampleValue (281) SHORT (3) 1<255>
PlanarConfig (284) SHORT (3) 1<1>
TileWidth (322) SHORT (3) 1<256>
TileLength (323) SHORT (3) 1<256>
OBSOLETE DataType (Silicon Graphics) (32996) SHORT (3) 1<0>
ImageDepth (Silicon Graphics) (32997) SHORT (3) 1<1>
TileDepth (Silicon Graphics) (32998) SHORT (3) 1<1>
