pics/smallliz.tif:
Magic: 0x4d4d <big-endian> Version: 0x2a
Directory 0: offset 4616 (0x1208) next 0 (0)
SubFileType (254) LONG (4) 1<0>
ImageWidth (256) LONG (4) 1<160>
ImageLength (257) LONG (4) 1<160>
BitsPerSample (258) SHORT (3) 3<8 8 8>
Compression (259) SHORT (3) 1<6>
Photometric (262) SHORT (3) 1<6>
StripOffsets (273) LONG (4) 1<610>
SamplesPerPixel (277) SHORT (3) 1<3>
RowsPerStrip (278) LONG (4) 1<160>
StripByteCounts (279) LONG (4) 1<3447>
XResolution (282) RATIONAL (5) 1<100>
YResolution (283) RATIONAL (5) 1<100>
PlanarConfig (284) SHORT (3) 1<1>
ResolutionUnit (296) SHORT (3) 1<2>
Software (305) ASCII (2) 11<HP IL v1.1\0>
JPEGProcessingMode (512) SHORT (3) 1<1>
JPEGInterchangeFormat (513) LONG (4) 1<8>
JPEGInterchangeFormatLength (514) LONG (4) 1<4608>
JPEGRestartInterval (515) SHORT (3) 1<0>
JPEGQTables (519) LONG (4) 3<34 103 103>
JPEGDCTables (520) LONG (4) 3<172 205 205>
JPEGACTables (521) LONG (4) 3<238 421 421>
YCbCrCoefficients (529) RATIONAL (5) 3<0.299 0.587 0.114>
YCbCrSubsampling (530) SHORT (3) 2<2 2>
YCbCrPositioning (531) SHORT (3) 1<1>
ReferenceBlackWhite (532) LONG (4) 6<0 255 128 255 128 255>
