pics/text.tif:
Magic: 0x4d4d <big-endian> Version: 0x2a
Directory 0: offset 8 (0x8) next 86348 (0x1514c)
OldSubFileType (255) SHORT (3) 1<1>
ImageWidth (256) SHORT (3) 1<1512>
ImageLength (257) SHORT (3) 1<359>
BitsPerSample (258) SHORT (3) 1<4>
Compression (259) SHORT (3) 1<32809>
Photometric (262) SHORT (3) 1<0>
FillOrder (266) SHORT (3) 1<1>
StripOffsets (273) LONG (4) 6<258 17704 32865 49809 65671 76584>
Orientation (274) SHORT (3) 1<1>
SamplesPerPixel (277) SHORT (3) 1<1>
RowsPerStrip (278) LONG (4) 1<64>
StripByteCounts (279) LONG (4) 6<17446 15161 16944 15862 10913 9764>
XResolution (282) RATIONAL (5) 1<296.64>
YResolution (283) RATIONAL (5) 1<296.64>
PlanarConfig (284) SHORT (3) 1<1>

Directory 1: offset 86348 (0x1514c) next 0 (0)
OldSubFileType (255) SHORT (3) 1<1>
ImageWidth (256) SHORT (3) 1<1512>
ImageLength (257) SHORT (3) 1<359>
BitsPerSample (258) SHORT (3) 1<1>
Compression (259) SHORT (3) 1<1>
Photometric (262) SHORT (3) 1<0>
FillOrder (266) SHORT (3) 1<1>
StripOffsets (273) LONG (4) 6<86598 98694 110790 122886 134982 147078>
Orientation (274) SHORT (3) 1<1>
SamplesPerPixel (277) SHORT (3) 1<1>
RowsPerStrip (278) LONG (4) 1<64>
StripByteCounts (279) LONG (4) 6<12096 12096 12096 12096 12096 7371>
XResolution (282) RATIONAL (5) 1<296.64>
YResolution (283) RATIONAL (5) 1<296.64>
PlanarConfig (284) SHORT (3) 1<1>
