pics/zackthecat.tif:
Magic: 0x4d4d <big-endian> Version: 0x2a
Directory 0: offset 7084 (0x1bac) next 0 (0)
ImageWidth (256) SHORT (3) 1<234>
ImageLength (257) SHORT (3) 1<213>
BitsPerSample (258) SHORT (3) 3<8 8 8>
Compression (259) SHORT (3) 1<6>
Photometric (262) SHORT (3) 1<6>
SamplesPerPixel (277) SHORT (3) 1<3>
XResolution (282) RATIONAL (5) 1<75>
YResolution (283) RATIONAL (5) 1<75>
PlanarConfig (284) SHORT (3) 1<1>
ResolutionUnit (296) SHORT (3) 1<2>
TileWidth (322) SHORT (3) 1<240>
TileLength (323) SHORT (3) 1<224>
TileOffsets (324) LONG (4) 1<8>
TileByteCounts (325) LONG (4) 1<7076>
JPEGProcessingMode (512) SHORT (3) 1<1>
JPEGQTables (519) LONG (4) 3<7364 7428 7492>
JPEGDCTables (520) LONG (4) 3<7568 7596 7624>
JPEGACTables (521) LONG (4) 3<7664 7842 8020>
YCbCrCoefficients (529) RATIONAL (5) 3<0.299 0.587 0.114>
YCbCrSubsampling (530) SHORT (3) 2<2 2>
ReferenceBlackWhite (532) LONG (4) 6<16 235 128 240 128 240>
